Build started 1/20/2011 7:12:28 PM.
     1>Project "c:\Users\Remote\documents\visual studio 2010\Projects\WTT\WTT\WTT.vcxproj" on node 2 (build target(s)).
     1>InitializeBuildStatus:
         Touching "Debug\WTT.unsuccessfulbuild".
       ClCompile:
         c:\Program Files\Microsoft Visual Studio 10.0\VC\bin\CL.exe /c /ZI /nologo /W3 /WX- /Od /Oy- /D WIN32 /D _DEBUG /D _WINDOWS /D _USRDLL /D WTT_EXPORTS /D _WINDLL /D _UNICODE /D UNICODE /Gm /EHsc /RTC1 /MDd /GS /fp:precise /Zc:wchar_t /Zc:forScope /Fo"Debug\\" /Fd"Debug\vc100.pdb" /Gd /TP /analyze- /errorReport:prompt main.cpp
         main.cpp
       ManifestResourceCompile:
         c:\Program Files\Microsoft SDKs\Windows\v7.0A\bin\rc.exe /nologo /fo"Debug\WTT.dll.embed.manifest.res" Debug\WTT_manifest.rc 
       Link:
         c:\Program Files\Microsoft Visual Studio 10.0\VC\bin\link.exe /ERRORREPORT:PROMPT /OUT:"c:\users\remote\documents\visual studio 2010\Projects\WTT\Debug\WTT.dll" /INCREMENTAL /NOLOGO kernel32.lib user32.lib gdi32.lib winspool.lib comdlg32.lib advapi32.lib shell32.lib ole32.lib oleaut32.lib uuid.lib odbc32.lib odbccp32.lib /MANIFEST /ManifestFile:"Debug\WTT.dll.intermediate.manifest" /MANIFESTUAC:"level='asInvoker' uiAccess='false'" /DEBUG /PDB:"c:\users\remote\documents\visual studio 2010\Projects\WTT\Debug\WTT.pdb" /SUBSYSTEM:WINDOWS /TLBID:1 /DYNAMICBASE /NXCOMPAT /IMPLIB:"c:\users\remote\documents\visual studio 2010\Projects\WTT\Debug\WTT.lib" /MACHINE:X86 /DLL Debug\WTT.dll.embed.manifest.res
         Debug\main.obj
     1>detours.lib(detours.obj) : warning LNK4099: PDB 'detours.pdb' was not found with 'detours.lib(detours.obj)' or at 'c:\users\remote\documents\visual studio 2010\Projects\WTT\Debug\detours.pdb'; linking object as if no debug info
     1>detours.lib(disasm.obj) : warning LNK4099: PDB 'detours.pdb' was not found with 'detours.lib(disasm.obj)' or at 'c:\users\remote\documents\visual studio 2010\Projects\WTT\Debug\detours.pdb'; linking object as if no debug info
       Manifest:
         c:\Program Files\Microsoft SDKs\Windows\v7.0A\bin\mt.exe /nologo /verbose /out:"Debug\WTT.dll.embed.manifest" /manifest Debug\WTT.dll.intermediate.manifest
         c:\Program Files\Microsoft SDKs\Windows\v7.0A\bin\rc.exe /nologo /fo"Debug\WTT.dll.embed.manifest.res" Debug\WTT_manifest.rc 
       LinkEmbedManifest:
         c:\Program Files\Microsoft Visual Studio 10.0\VC\bin\link.exe /ERRORREPORT:PROMPT /OUT:"c:\users\remote\documents\visual studio 2010\Projects\WTT\Debug\WTT.dll" /INCREMENTAL /NOLOGO kernel32.lib user32.lib gdi32.lib winspool.lib comdlg32.lib advapi32.lib shell32.lib ole32.lib oleaut32.lib uuid.lib odbc32.lib odbccp32.lib /MANIFEST /ManifestFile:"Debug\WTT.dll.intermediate.manifest" /MANIFESTUAC:"level='asInvoker' uiAccess='false'" /DEBUG /PDB:"c:\users\remote\documents\visual studio 2010\Projects\WTT\Debug\WTT.pdb" /SUBSYSTEM:WINDOWS /TLBID:1 /DYNAMICBASE /NXCOMPAT /IMPLIB:"c:\users\remote\documents\visual studio 2010\Projects\WTT\Debug\WTT.lib" /MACHINE:X86 /DLL Debug\WTT.dll.embed.manifest.res
         Debug\main.obj
     1>detours.lib(detours.obj) : warning LNK4099: PDB 'detours.pdb' was not found with 'detours.lib(detours.obj)' or at 'c:\users\remote\documents\visual studio 2010\Projects\WTT\Debug\detours.pdb'; linking object as if no debug info
     1>detours.lib(disasm.obj) : warning LNK4099: PDB 'detours.pdb' was not found with 'detours.lib(disasm.obj)' or at 'c:\users\remote\documents\visual studio 2010\Projects\WTT\Debug\detours.pdb'; linking object as if no debug info
         WTT.vcxproj -> c:\users\remote\documents\visual studio 2010\Projects\WTT\Debug\WTT.dll
       FinalizeBuildStatus:
         Deleting file "Debug\WTT.unsuccessfulbuild".
         Touching "Debug\WTT.lastbuildstate".
     1>Done Building Project "c:\Users\Remote\documents\visual studio 2010\Projects\WTT\WTT\WTT.vcxproj" (build target(s)).

Build succeeded.

Time Elapsed 00:00:01.07
