Build started 2/15/2011 10:29:07 PM.
     1>Project "C:\Users\Remote\documents\visual studio 2010\Projects\WTT\WTT\WTT.vcxproj" on node 2 (build target(s)).
     1>InitializeBuildStatus:
         Creating "Release\WTT.unsuccessfulbuild" because "AlwaysCreate" was specified.
       ClCompile:
         c:\Program Files\Microsoft Visual Studio 10.0\VC\bin\CL.exe /c /Zi /nologo /W3 /WX- /O2 /Oi /Oy- /GL /D WIN32 /D NDEBUG /D _WINDOWS /D _USRDLL /D WTT_EXPORTS /D _WINDLL /D _MBCS /Gm- /EHsc /MD /GS /Gy /fp:precise /Zc:wchar_t /Zc:forScope /Fo"Release\\" /Fd"Release\vc100.pdb" /Gd /TP /analyze- /errorReport:prompt main.cpp
         main.cpp
     1>c:\users\remote\documents\visual studio 2010\projects\wtt\wtt\WSock.h(127): warning C4172: returning address of local variable or temporary
     1>c:\users\remote\documents\visual studio 2010\projects\wtt\wtt\WSock.h(246): warning C4172: returning address of local variable or temporary
     1>c:\users\remote\documents\visual studio 2010\projects\wtt\wtt\WSock.h(368): warning C4172: returning address of local variable or temporary
     1>c:\users\remote\documents\visual studio 2010\projects\wtt\wtt\HookedFunctions.h(100): warning C4996: '_vsnprintf': This function or variable may be unsafe. Consider using _vsnprintf_s instead. To disable deprecation, use _CRT_SECURE_NO_WARNINGS. See online help for details.
                 c:\Program Files\Microsoft Visual Studio 10.0\VC\include\stdio.h(363) : see declaration of '_vsnprintf'
     1>c:\users\remote\documents\visual studio 2010\projects\wtt\wtt\HookedFunctions.h(114): warning C4101: 'IgnoreString2' : unreferenced local variable
     1>c:\users\remote\documents\visual studio 2010\projects\wtt\wtt\HookedFunctions.h(194): warning C4996: 'stricmp': The POSIX name for this item is deprecated. Instead, use the ISO C++ conformant name: _stricmp. See online help for details.
                 c:\Program Files\Microsoft Visual Studio 10.0\VC\include\string.h(246) : see declaration of 'stricmp'
     1>c:\users\remote\documents\visual studio 2010\projects\wtt\wtt\HookedFunctions.h(443): warning C4996: 'stricmp': The POSIX name for this item is deprecated. Instead, use the ISO C++ conformant name: _stricmp. See online help for details.
                 c:\Program Files\Microsoft Visual Studio 10.0\VC\include\string.h(246) : see declaration of 'stricmp'
       Link:
         c:\Program Files\Microsoft Visual Studio 10.0\VC\bin\link.exe /ERRORREPORT:PROMPT /OUT:"C:\Users\Remote\documents\visual studio 2010\Projects\WTT\Release\WTT.dll" /INCREMENTAL:NO /NOLOGO kernel32.lib user32.lib gdi32.lib winspool.lib comdlg32.lib advapi32.lib shell32.lib ole32.lib oleaut32.lib uuid.lib odbc32.lib odbccp32.lib /MANIFEST /ManifestFile:"Release\WTT.dll.intermediate.manifest" /MANIFESTUAC:"level='asInvoker' uiAccess='false'" /DEBUG /PDB:"C:\Users\Remote\documents\visual studio 2010\Projects\WTT\Release\WTT.pdb" /SUBSYSTEM:WINDOWS /OPT:REF /OPT:ICF /LTCG /TLBID:1 /DYNAMICBASE /NXCOMPAT /IMPLIB:"C:\Users\Remote\documents\visual studio 2010\Projects\WTT\Release\WTT.lib" /MACHINE:X86 /DLL Release\CDetour.obj
         Release\CDetourDis.obj
         Release\main.obj
         CDetour.lib
         detours.lib
         Generating code
         Finished generating code
     1>detours.lib(detours.obj) : warning LNK4099: PDB 'detours.pdb' was not found with 'detours.lib(detours.obj)' or at 'C:\Users\Remote\documents\visual studio 2010\Projects\WTT\Release\detours.pdb'; linking object as if no debug info
     1>detours.lib(disasm.obj) : warning LNK4099: PDB 'detours.pdb' was not found with 'detours.lib(disasm.obj)' or at 'C:\Users\Remote\documents\visual studio 2010\Projects\WTT\Release\detours.pdb'; linking object as if no debug info
         WTT.vcxproj -> C:\Users\Remote\documents\visual studio 2010\Projects\WTT\Release\WTT.dll
       Manifest:
         C:\Program Files\Microsoft SDKs\Windows\v7.0A\bin\mt.exe /nologo /verbose /outputresource:"C:\Users\Remote\documents\visual studio 2010\Projects\WTT\Release\WTT.dll;#2" /manifest Release\WTT.dll.intermediate.manifest
       FinalizeBuildStatus:
         Deleting file "Release\WTT.unsuccessfulbuild".
         Touching "Release\WTT.lastbuildstate".
     1>Done Building Project "C:\Users\Remote\documents\visual studio 2010\Projects\WTT\WTT\WTT.vcxproj" (build target(s)).

Build succeeded.

Time Elapsed 00:00:01.40
